<?xml version="1.0" encoding="UTF-8"?>
<!-- Generated by org.testng.reporters.JUnitReportReporter -->
<testsuite hostname="DESKTOP-E2MO95M" failures="0" tests="1" name="com.nopcommerce.testCases.TC_AddCustomerTest_003" time="10.648" errors="0" timestamp="25 Oct 2022 10:08:56 GMT" skipped="0">
  <testcase classname="com.nopcommerce.testCases.TC_AddCustomerTest_003" name="addNewCustomer" time="10.648"/>
</testsuite> <!-- com.nopcommerce.testCases.TC_AddCustomerTest_003 -->
