<?xml version="1.0" encoding="UTF-8"?>
<!-- Generated by org.testng.reporters.JUnitReportReporter -->
<testsuite hostname="DESKTOP-E2MO95M" failures="0" tests="1" name="com.nopcommerce.testCases.TC_LoginTest_001" time="15.715" errors="0" timestamp="25 Oct 2022 09:44:16 GMT" skipped="0">
  <testcase classname="com.nopcommerce.testCases.TC_LoginTest_001" name="loginTest" time="15.715"/>
</testsuite> <!-- com.nopcommerce.testCases.TC_LoginTest_001 -->
