<?xml version="1.0" encoding="UTF-8"?>
<!-- Generated by org.testng.reporters.JUnitReportReporter -->
<testsuite hostname="DESKTOP-E2MO95M" failures="0" tests="1" name="com.nopcommerce.testCases.TC_LoginTest_001" time="18.561" errors="0" timestamp="26 Oct 2022 06:14:15 GMT" skipped="0">
  <testcase classname="com.nopcommerce.testCases.TC_LoginTest_001" name="loginTest" time="18.561"/>
</testsuite> <!-- com.nopcommerce.testCases.TC_LoginTest_001 -->
