<?xml version="1.0" encoding="UTF-8"?>
<!-- Generated by org.testng.reporters.JUnitReportReporter -->
<testsuite hostname="DESKTOP-E2MO95M" failures="0" tests="1" name="com.nopcommerce.testCases.TC_AddCustomerTest_003" time="16.563" errors="0" timestamp="26 Oct 2022 06:14:15 GMT" skipped="0">
  <testcase classname="com.nopcommerce.testCases.TC_AddCustomerTest_003" name="addNewCustomer" time="16.563"/>
</testsuite> <!-- com.nopcommerce.testCases.TC_AddCustomerTest_003 -->
